2025-05-13 17:00:06,398 - INFO - Starting severity distribution check
2025-05-13 17:00:25,342 - INFO - Processed 1139385 entries from F:\PythonDataset\04metrics\code_metrics.jsonl
2025-05-13 17:00:25,789 - INFO - Severity Distribution:
2025-05-13 17:00:25,789 - INFO - LargeClass:
2025-05-13 17:00:25,789 - INFO -   S1: 4125 (38.45%)
2025-05-13 17:00:25,789 - INFO -   S2: 2296 (21.40%)
2025-05-13 17:00:25,789 - INFO -   S3: 4308 (40.15%)
2025-05-13 17:00:25,789 - INFO -   Total: 10729
2025-05-13 17:00:25,789 - INFO - LongMethod:
2025-05-13 17:00:25,789 - INFO -   S1: 14307 (57.37%)
2025-05-13 17:00:25,789 - INFO -   S2: 5080 (20.37%)
2025-05-13 17:00:25,789 - INFO -   S3: 5550 (22.26%)
2025-05-13 17:00:25,789 - INFO -   Total: 24937
2025-05-13 17:00:25,795 - INFO - LongParameterList:
2025-05-13 17:00:25,795 - INFO -   S1: 8767 (58.03%)
2025-05-13 17:00:25,795 - INFO -   S2: 3282 (21.73%)
2025-05-13 17:00:25,796 - INFO -   S3: 3058 (20.24%)
2025-05-13 17:00:25,796 - INFO -   Total: 15107
2025-05-13 17:00:25,796 - INFO - DeepNesting:
2025-05-13 17:00:25,796 - INFO -   S1: 24018 (78.76%)
2025-05-13 17:00:25,796 - INFO -   S2: 4471 (14.66%)
2025-05-13 17:00:25,796 - INFO -   S3: 2007 (6.58%)
2025-05-13 17:00:25,796 - INFO -   Total: 30496
2025-05-13 17:00:25,796 - INFO - NoneSmellorUnknown:
2025-05-13 17:00:25,796 - INFO -   S0: 1058116 (100.00%)
2025-05-13 17:00:25,796 - INFO -   Total: 1058116
2025-05-13 17:00:25,796 - INFO - Severity distribution check completed
